<?xml version="1.0" encoding="UTF-8"?>
<!-- Generated by org.testng.reporters.JUnitReportReporter -->
<testsuite hostname="Saurabh-Gupta" failures="0" tests="1" name="automationInteligenceProject.ContactUsTest" time="14.117" errors="0" timestamp="2023-04-08T01:42:08 IST" skipped="0">
  <testcase classname="automationInteligenceProject.ContactUsTest" name="submitContactForm" time="14.117"/>
  <system-out/>
</testsuite> <!-- automationInteligenceProject.ContactUsTest -->
