<?xml version="1.0" encoding="UTF-8"?>
<!-- Generated by org.testng.reporters.JUnitReportReporter -->
<testsuite hostname="Saurabh-Gupta" failures="0" tests="1" name="contactUsTest" time="13.812" errors="0" timestamp="2023-04-07T21:25:25 IST" skipped="0">
  <testcase classname="contactUsTest" name="submitContactForm" time="13.812"/>
  <system-out/>
</testsuite> <!-- contactUsTest -->
